   1               		.file	"HD44780.c"
   2               	__SP_H__ = 0x3e
   3               	__SP_L__ = 0x3d
   4               	__SREG__ = 0x3f
   5               	__tmp_reg__ = 0
   6               	__zero_reg__ = 1
   7               		.text
   8               	.Ltext0:
   9               		.cfi_sections	.debug_frame
  10               	.global	_LCD_OutNibble
  12               	_LCD_OutNibble:
  13               	.LFB6:
  14               		.file 1 "src/HD44780.c"
   1:src/HD44780.c **** //-------------------------------------------------------------------------------------------------
   2:src/HD44780.c **** // Wyœwietlacz alfanumeryczny ze sterownikiem HD44780
   3:src/HD44780.c **** // Sterowanie w trybie 4-bitowym bez odczytu flagi zajêtoœci
   4:src/HD44780.c **** // z dowolnym przypisaniem sygna³ów steruj¹cych
   5:src/HD44780.c **** // Plik : HD44780.c	
   6:src/HD44780.c **** // Mikrokontroler : Atmel AVR
   7:src/HD44780.c **** // Kompilator : avr-gcc
   8:src/HD44780.c **** // Autor : Rados³aw Kwiecieñ
   9:src/HD44780.c **** // ród³o : http://radzio.dxp.pl/hd44780/
  10:src/HD44780.c **** // Data : 24.03.2007
  11:src/HD44780.c **** //-------------------------------------------------------------------------------------------------
  12:src/HD44780.c **** 
  13:src/HD44780.c **** #include "HD44780.h"
  14:src/HD44780.c **** //-------------------------------------------------------------------------------------------------
  15:src/HD44780.c **** //
  16:src/HD44780.c **** // Funkcja wystawiaj¹ca pó³bajt na magistralê danych
  17:src/HD44780.c **** //
  18:src/HD44780.c **** //-------------------------------------------------------------------------------------------------
  19:src/HD44780.c **** void _LCD_OutNibble(unsigned char nibbleToWrite)
  20:src/HD44780.c **** {
  15               		.loc 1 20 0
  16               		.cfi_startproc
  17               	.LVL0:
  18               	/* prologue: function */
  19               	/* frame size = 0 */
  20               	/* stack size = 0 */
  21               	.L__stack_usage = 0
  21:src/HD44780.c **** if(nibbleToWrite & 0x01)
  22               		.loc 1 21 0
  23 0000 80FF      		sbrs r24,0
  24 0002 00C0      		rjmp .L2
  22:src/HD44780.c **** 	LCD_DB4_PORT |= LCD_DB4;
  25               		.loc 1 22 0
  26 0004 969A      		sbi 0x12,6
  27 0006 00C0      		rjmp .L3
  28               	.L2:
  23:src/HD44780.c **** else
  24:src/HD44780.c **** 	LCD_DB4_PORT  &= ~LCD_DB4;
  29               		.loc 1 24 0
  30 0008 9698      		cbi 0x12,6
  31               	.L3:
  25:src/HD44780.c **** 
  26:src/HD44780.c **** if(nibbleToWrite & 0x02)
  32               		.loc 1 26 0
  33 000a 81FF      		sbrs r24,1
  34 000c 00C0      		rjmp .L4
  27:src/HD44780.c **** 	LCD_DB5_PORT |= LCD_DB5;
  35               		.loc 1 27 0
  36 000e 959A      		sbi 0x12,5
  37 0010 00C0      		rjmp .L5
  38               	.L4:
  28:src/HD44780.c **** else
  29:src/HD44780.c **** 	LCD_DB5_PORT  &= ~LCD_DB5;
  39               		.loc 1 29 0
  40 0012 9598      		cbi 0x12,5
  41               	.L5:
  30:src/HD44780.c **** 
  31:src/HD44780.c **** if(nibbleToWrite & 0x04)
  42               		.loc 1 31 0
  43 0014 82FF      		sbrs r24,2
  44 0016 00C0      		rjmp .L6
  32:src/HD44780.c **** 	LCD_DB6_PORT |= LCD_DB6;
  45               		.loc 1 32 0
  46 0018 949A      		sbi 0x12,4
  47 001a 00C0      		rjmp .L7
  48               	.L6:
  33:src/HD44780.c **** else
  34:src/HD44780.c **** 	LCD_DB6_PORT  &= ~LCD_DB6;
  49               		.loc 1 34 0
  50 001c 9498      		cbi 0x12,4
  51               	.L7:
  35:src/HD44780.c **** 
  36:src/HD44780.c **** if(nibbleToWrite & 0x08)
  52               		.loc 1 36 0
  53 001e 83FF      		sbrs r24,3
  54 0020 00C0      		rjmp .L8
  55               	.LVL1:
  56               	.LBB18:
  57               	.LBB19:
  37:src/HD44780.c **** 	LCD_DB7_PORT |= LCD_DB7;
  58               		.loc 1 37 0
  59 0022 939A      		sbi 0x12,3
  60 0024 0895      		ret
  61               	.LVL2:
  62               	.L8:
  63               	.LBE19:
  64               	.LBE18:
  38:src/HD44780.c **** else
  39:src/HD44780.c **** 	LCD_DB7_PORT  &= ~LCD_DB7;
  65               		.loc 1 39 0
  66 0026 9398      		cbi 0x12,3
  67 0028 0895      		ret
  68               		.cfi_endproc
  69               	.LFE6:
  71               	.global	_LCD_Write
  73               	_LCD_Write:
  74               	.LFB7:
  40:src/HD44780.c **** }
  41:src/HD44780.c **** //-------------------------------------------------------------------------------------------------
  42:src/HD44780.c **** //
  43:src/HD44780.c **** // Funkcja zapisu bajtu do wyœwietacza (bez rozró¿nienia instrukcja/dane).
  44:src/HD44780.c **** //
  45:src/HD44780.c **** //-------------------------------------------------------------------------------------------------
  46:src/HD44780.c **** void _LCD_Write(unsigned char dataToWrite)
  47:src/HD44780.c **** {
  75               		.loc 1 47 0
  76               		.cfi_startproc
  77               	.LVL3:
  78 002a CF93      		push r28
  79               	.LCFI0:
  80               		.cfi_def_cfa_offset 3
  81               		.cfi_offset 28, -2
  82               	/* prologue: function */
  83               	/* frame size = 0 */
  84               	/* stack size = 1 */
  85               	.L__stack_usage = 1
  86 002c C82F      		mov r28,r24
  48:src/HD44780.c **** LCD_E_PORT |= LCD_E;
  87               		.loc 1 48 0
  88 002e 979A      		sbi 0x12,7
  49:src/HD44780.c **** _LCD_OutNibble(dataToWrite >> 4);
  89               		.loc 1 49 0
  90 0030 8295      		swap r24
  91               	.LVL4:
  92 0032 8F70      		andi r24,lo8(15)
  93 0034 0E94 0000 		call _LCD_OutNibble
  94               	.LVL5:
  50:src/HD44780.c **** LCD_E_PORT &= ~LCD_E;
  95               		.loc 1 50 0
  96 0038 9798      		cbi 0x12,7
  51:src/HD44780.c **** LCD_E_PORT |= LCD_E;
  97               		.loc 1 51 0
  98 003a 979A      		sbi 0x12,7
  52:src/HD44780.c **** _LCD_OutNibble(dataToWrite);
  99               		.loc 1 52 0
 100 003c 8C2F      		mov r24,r28
 101 003e 0E94 0000 		call _LCD_OutNibble
 102               	.LVL6:
  53:src/HD44780.c **** LCD_E_PORT &= ~LCD_E;
 103               		.loc 1 53 0
 104 0042 9798      		cbi 0x12,7
 105               	.LVL7:
 106               	.LBB20:
 107               	.LBB21:
 108               		.file 2 "/usr/lib/avr/include/util/delay.h"
   1:/usr/lib/avr/include/util/delay.h **** /* Copyright (c) 2002, Marek Michalkiewicz
   2:/usr/lib/avr/include/util/delay.h ****    Copyright (c) 2004,2005,2007 Joerg Wunsch
   3:/usr/lib/avr/include/util/delay.h ****    Copyright (c) 2007  Florin-Viorel Petrov
   4:/usr/lib/avr/include/util/delay.h ****    All rights reserved.
   5:/usr/lib/avr/include/util/delay.h **** 
   6:/usr/lib/avr/include/util/delay.h ****    Redistribution and use in source and binary forms, with or without
   7:/usr/lib/avr/include/util/delay.h ****    modification, are permitted provided that the following conditions are met:
   8:/usr/lib/avr/include/util/delay.h **** 
   9:/usr/lib/avr/include/util/delay.h ****    * Redistributions of source code must retain the above copyright
  10:/usr/lib/avr/include/util/delay.h ****      notice, this list of conditions and the following disclaimer.
  11:/usr/lib/avr/include/util/delay.h **** 
  12:/usr/lib/avr/include/util/delay.h ****    * Redistributions in binary form must reproduce the above copyright
  13:/usr/lib/avr/include/util/delay.h ****      notice, this list of conditions and the following disclaimer in
  14:/usr/lib/avr/include/util/delay.h ****      the documentation and/or other materials provided with the
  15:/usr/lib/avr/include/util/delay.h ****      distribution.
  16:/usr/lib/avr/include/util/delay.h **** 
  17:/usr/lib/avr/include/util/delay.h ****    * Neither the name of the copyright holders nor the names of
  18:/usr/lib/avr/include/util/delay.h ****      contributors may be used to endorse or promote products derived
  19:/usr/lib/avr/include/util/delay.h ****      from this software without specific prior written permission.
  20:/usr/lib/avr/include/util/delay.h **** 
  21:/usr/lib/avr/include/util/delay.h ****   THIS SOFTWARE IS PROVIDED BY THE COPYRIGHT HOLDERS AND CONTRIBUTORS "AS IS"
  22:/usr/lib/avr/include/util/delay.h ****   AND ANY EXPRESS OR IMPLIED WARRANTIES, INCLUDING, BUT NOT LIMITED TO, THE
  23:/usr/lib/avr/include/util/delay.h ****   IMPLIED WARRANTIES OF MERCHANTABILITY AND FITNESS FOR A PARTICULAR PURPOSE
  24:/usr/lib/avr/include/util/delay.h ****   ARE DISCLAIMED. IN NO EVENT SHALL THE COPYRIGHT OWNER OR CONTRIBUTORS BE
  25:/usr/lib/avr/include/util/delay.h ****   LIABLE FOR ANY DIRECT, INDIRECT, INCIDENTAL, SPECIAL, EXEMPLARY, OR
  26:/usr/lib/avr/include/util/delay.h ****   CONSEQUENTIAL DAMAGES (INCLUDING, BUT NOT LIMITED TO, PROCUREMENT OF
  27:/usr/lib/avr/include/util/delay.h ****   SUBSTITUTE GOODS OR SERVICES; LOSS OF USE, DATA, OR PROFITS; OR BUSINESS
  28:/usr/lib/avr/include/util/delay.h ****   INTERRUPTION) HOWEVER CAUSED AND ON ANY THEORY OF LIABILITY, WHETHER IN
  29:/usr/lib/avr/include/util/delay.h ****   CONTRACT, STRICT LIABILITY, OR TORT (INCLUDING NEGLIGENCE OR OTHERWISE)
  30:/usr/lib/avr/include/util/delay.h ****   ARISING IN ANY WAY OUT OF THE USE OF THIS SOFTWARE, EVEN IF ADVISED OF THE
  31:/usr/lib/avr/include/util/delay.h ****   POSSIBILITY OF SUCH DAMAGE. */
  32:/usr/lib/avr/include/util/delay.h **** 
  33:/usr/lib/avr/include/util/delay.h **** /* $Id$ */
  34:/usr/lib/avr/include/util/delay.h **** 
  35:/usr/lib/avr/include/util/delay.h **** #ifndef _UTIL_DELAY_H_
  36:/usr/lib/avr/include/util/delay.h **** #define _UTIL_DELAY_H_ 1
  37:/usr/lib/avr/include/util/delay.h **** 
  38:/usr/lib/avr/include/util/delay.h **** #ifndef __HAS_DELAY_CYCLES
  39:/usr/lib/avr/include/util/delay.h **** #define __HAS_DELAY_CYCLES 1
  40:/usr/lib/avr/include/util/delay.h **** #endif
  41:/usr/lib/avr/include/util/delay.h **** 
  42:/usr/lib/avr/include/util/delay.h **** #include <inttypes.h>
  43:/usr/lib/avr/include/util/delay.h **** #include <util/delay_basic.h>
  44:/usr/lib/avr/include/util/delay.h **** #include <math.h>
  45:/usr/lib/avr/include/util/delay.h **** 
  46:/usr/lib/avr/include/util/delay.h **** /** \file */
  47:/usr/lib/avr/include/util/delay.h **** /** \defgroup util_delay <util/delay.h>: Convenience functions for busy-wait delay loops
  48:/usr/lib/avr/include/util/delay.h ****     \code
  49:/usr/lib/avr/include/util/delay.h ****     #define F_CPU 1000000UL  // 1 MHz
  50:/usr/lib/avr/include/util/delay.h ****     //#define F_CPU 14.7456E6
  51:/usr/lib/avr/include/util/delay.h ****     #include <util/delay.h>
  52:/usr/lib/avr/include/util/delay.h ****     \endcode
  53:/usr/lib/avr/include/util/delay.h **** 
  54:/usr/lib/avr/include/util/delay.h ****     \note As an alternative method, it is possible to pass the
  55:/usr/lib/avr/include/util/delay.h ****     F_CPU macro down to the compiler from the Makefile.
  56:/usr/lib/avr/include/util/delay.h ****     Obviously, in that case, no \c \#define statement should be
  57:/usr/lib/avr/include/util/delay.h ****     used.
  58:/usr/lib/avr/include/util/delay.h **** 
  59:/usr/lib/avr/include/util/delay.h ****     The functions in this header file are wrappers around the basic
  60:/usr/lib/avr/include/util/delay.h ****     busy-wait functions from <util/delay_basic.h>.  They are meant as
  61:/usr/lib/avr/include/util/delay.h ****     convenience functions where actual time values can be specified
  62:/usr/lib/avr/include/util/delay.h ****     rather than a number of cycles to wait for.  The idea behind is
  63:/usr/lib/avr/include/util/delay.h ****     that compile-time constant expressions will be eliminated by
  64:/usr/lib/avr/include/util/delay.h ****     compiler optimization so floating-point expressions can be used
  65:/usr/lib/avr/include/util/delay.h ****     to calculate the number of delay cycles needed based on the CPU
  66:/usr/lib/avr/include/util/delay.h ****     frequency passed by the macro F_CPU.
  67:/usr/lib/avr/include/util/delay.h **** 
  68:/usr/lib/avr/include/util/delay.h ****     \note In order for these functions to work as intended, compiler
  69:/usr/lib/avr/include/util/delay.h ****     optimizations <em>must</em> be enabled, and the delay time
  70:/usr/lib/avr/include/util/delay.h ****     <em>must</em> be an expression that is a known constant at
  71:/usr/lib/avr/include/util/delay.h ****     compile-time.  If these requirements are not met, the resulting
  72:/usr/lib/avr/include/util/delay.h ****     delay will be much longer (and basically unpredictable), and
  73:/usr/lib/avr/include/util/delay.h ****     applications that otherwise do not use floating-point calculations
  74:/usr/lib/avr/include/util/delay.h ****     will experience severe code bloat by the floating-point library
  75:/usr/lib/avr/include/util/delay.h ****     routines linked into the application.
  76:/usr/lib/avr/include/util/delay.h **** 
  77:/usr/lib/avr/include/util/delay.h ****     The functions available allow the specification of microsecond, and
  78:/usr/lib/avr/include/util/delay.h ****     millisecond delays directly, using the application-supplied macro
  79:/usr/lib/avr/include/util/delay.h ****     F_CPU as the CPU clock frequency (in Hertz).
  80:/usr/lib/avr/include/util/delay.h **** 
  81:/usr/lib/avr/include/util/delay.h **** */
  82:/usr/lib/avr/include/util/delay.h **** 
  83:/usr/lib/avr/include/util/delay.h **** #if !defined(__DOXYGEN__)
  84:/usr/lib/avr/include/util/delay.h **** static inline void _delay_us(double __us) __attribute__((always_inline));
  85:/usr/lib/avr/include/util/delay.h **** static inline void _delay_ms(double __ms) __attribute__((always_inline));
  86:/usr/lib/avr/include/util/delay.h **** #endif
  87:/usr/lib/avr/include/util/delay.h **** 
  88:/usr/lib/avr/include/util/delay.h **** #ifndef F_CPU
  89:/usr/lib/avr/include/util/delay.h **** /* prevent compiler error by supplying a default */
  90:/usr/lib/avr/include/util/delay.h **** # warning "F_CPU not defined for <util/delay.h>"
  91:/usr/lib/avr/include/util/delay.h **** # define F_CPU 1000000UL
  92:/usr/lib/avr/include/util/delay.h **** #endif
  93:/usr/lib/avr/include/util/delay.h **** 
  94:/usr/lib/avr/include/util/delay.h **** #ifndef __OPTIMIZE__
  95:/usr/lib/avr/include/util/delay.h **** # warning "Compiler optimizations disabled; functions from <util/delay.h> won't work as designed"
  96:/usr/lib/avr/include/util/delay.h **** #endif
  97:/usr/lib/avr/include/util/delay.h **** 
  98:/usr/lib/avr/include/util/delay.h **** #if __HAS_DELAY_CYCLES && defined(__OPTIMIZE__) && \
  99:/usr/lib/avr/include/util/delay.h ****   !defined(__DELAY_BACKWARD_COMPATIBLE__) &&	   \
 100:/usr/lib/avr/include/util/delay.h ****   __STDC_HOSTED__
 101:/usr/lib/avr/include/util/delay.h **** #  include <math.h>
 102:/usr/lib/avr/include/util/delay.h **** #endif
 103:/usr/lib/avr/include/util/delay.h **** 
 104:/usr/lib/avr/include/util/delay.h **** /**
 105:/usr/lib/avr/include/util/delay.h ****    \ingroup util_delay
 106:/usr/lib/avr/include/util/delay.h **** 
 107:/usr/lib/avr/include/util/delay.h ****    Perform a delay of \c __ms milliseconds, using _delay_loop_2().
 108:/usr/lib/avr/include/util/delay.h **** 
 109:/usr/lib/avr/include/util/delay.h ****    The macro F_CPU is supposed to be defined to a
 110:/usr/lib/avr/include/util/delay.h ****    constant defining the CPU clock frequency (in Hertz).
 111:/usr/lib/avr/include/util/delay.h **** 
 112:/usr/lib/avr/include/util/delay.h ****    The maximal possible delay is 262.14 ms / F_CPU in MHz.
 113:/usr/lib/avr/include/util/delay.h **** 
 114:/usr/lib/avr/include/util/delay.h ****    When the user request delay which exceed the maximum possible one,
 115:/usr/lib/avr/include/util/delay.h ****    _delay_ms() provides a decreased resolution functionality. In this
 116:/usr/lib/avr/include/util/delay.h ****    mode _delay_ms() will work with a resolution of 1/10 ms, providing
 117:/usr/lib/avr/include/util/delay.h ****    delays up to 6.5535 seconds (independent from CPU frequency).  The
 118:/usr/lib/avr/include/util/delay.h ****    user will not be informed about decreased resolution.
 119:/usr/lib/avr/include/util/delay.h **** 
 120:/usr/lib/avr/include/util/delay.h ****    If the avr-gcc toolchain has __builtin_avr_delay_cycles(unsigned long)
 121:/usr/lib/avr/include/util/delay.h ****    support, maximal possible delay is 4294967.295 ms/ F_CPU in MHz. For
 122:/usr/lib/avr/include/util/delay.h ****    values greater than the maximal possible delay, overflows results in
 123:/usr/lib/avr/include/util/delay.h ****    no delay i.e., 0ms.
 124:/usr/lib/avr/include/util/delay.h **** 
 125:/usr/lib/avr/include/util/delay.h ****    Conversion of __us into clock cycles may not always result in integer.
 126:/usr/lib/avr/include/util/delay.h ****    By default, the clock cycles rounded up to next integer. This ensures that
 127:/usr/lib/avr/include/util/delay.h ****    the user gets atleast __us microseconds of delay.
 128:/usr/lib/avr/include/util/delay.h **** 
 129:/usr/lib/avr/include/util/delay.h ****    Alternatively, user can define __DELAY_ROUND_DOWN__ and __DELAY_ROUND_CLOSEST__
 130:/usr/lib/avr/include/util/delay.h ****    to round down and round to closest integer.
 131:/usr/lib/avr/include/util/delay.h **** 
 132:/usr/lib/avr/include/util/delay.h ****    Note: The new implementation of _delay_ms(double __ms) with 
 133:/usr/lib/avr/include/util/delay.h ****     __builtin_avr_delay_cycles(unsigned long) support is not backward compatible. 
 134:/usr/lib/avr/include/util/delay.h ****    User can define __DELAY_BACKWARD_COMPATIBLE__ to get a backward compatible delay.
 135:/usr/lib/avr/include/util/delay.h ****    Also, the backward compatible
 136:/usr/lib/avr/include/util/delay.h ****    algorithm will be chosen if the code is compiled in a <em>freestanding
 137:/usr/lib/avr/include/util/delay.h ****    environment</em> (GCC option \c -ffreestanding), as the math functions
 138:/usr/lib/avr/include/util/delay.h ****    required for rounding are not available to the compiler then.
 139:/usr/lib/avr/include/util/delay.h **** 
 140:/usr/lib/avr/include/util/delay.h ****  */
 141:/usr/lib/avr/include/util/delay.h **** void
 142:/usr/lib/avr/include/util/delay.h **** _delay_ms(double __ms)
 143:/usr/lib/avr/include/util/delay.h **** {
 144:/usr/lib/avr/include/util/delay.h **** 	double __tmp ; 
 145:/usr/lib/avr/include/util/delay.h **** #if __HAS_DELAY_CYCLES && defined(__OPTIMIZE__) && \
 146:/usr/lib/avr/include/util/delay.h ****   !defined(__DELAY_BACKWARD_COMPATIBLE__) &&	   \
 147:/usr/lib/avr/include/util/delay.h ****   __STDC_HOSTED__
 148:/usr/lib/avr/include/util/delay.h **** 	uint32_t __ticks_dc;
 149:/usr/lib/avr/include/util/delay.h **** 	extern void __builtin_avr_delay_cycles(unsigned long);
 150:/usr/lib/avr/include/util/delay.h **** 	__tmp = ((F_CPU) / 1e3) * __ms;
 151:/usr/lib/avr/include/util/delay.h **** 
 152:/usr/lib/avr/include/util/delay.h **** 	#if defined(__DELAY_ROUND_DOWN__)
 153:/usr/lib/avr/include/util/delay.h **** 		__ticks_dc = (uint32_t)fabs(__tmp);
 154:/usr/lib/avr/include/util/delay.h **** 
 155:/usr/lib/avr/include/util/delay.h **** 	#elif defined(__DELAY_ROUND_CLOSEST__)
 156:/usr/lib/avr/include/util/delay.h **** 		__ticks_dc = (uint32_t)(fabs(__tmp)+0.5);
 157:/usr/lib/avr/include/util/delay.h **** 
 158:/usr/lib/avr/include/util/delay.h **** 	#else
 159:/usr/lib/avr/include/util/delay.h **** 		//round up by default
 160:/usr/lib/avr/include/util/delay.h **** 		__ticks_dc = (uint32_t)(ceil(fabs(__tmp)));
 161:/usr/lib/avr/include/util/delay.h **** 	#endif
 162:/usr/lib/avr/include/util/delay.h **** 
 163:/usr/lib/avr/include/util/delay.h **** 	__builtin_avr_delay_cycles(__ticks_dc);
 164:/usr/lib/avr/include/util/delay.h **** 
 165:/usr/lib/avr/include/util/delay.h **** #else
 166:/usr/lib/avr/include/util/delay.h **** 	uint16_t __ticks;
 167:/usr/lib/avr/include/util/delay.h **** 	__tmp = ((F_CPU) / 4e3) * __ms;
 168:/usr/lib/avr/include/util/delay.h **** 	if (__tmp < 1.0)
 169:/usr/lib/avr/include/util/delay.h **** 		__ticks = 1;
 170:/usr/lib/avr/include/util/delay.h **** 	else if (__tmp > 65535)
 171:/usr/lib/avr/include/util/delay.h **** 	{
 172:/usr/lib/avr/include/util/delay.h **** 		//	__ticks = requested delay in 1/10 ms
 173:/usr/lib/avr/include/util/delay.h **** 		__ticks = (uint16_t) (__ms * 10.0);
 174:/usr/lib/avr/include/util/delay.h **** 		while(__ticks)
 175:/usr/lib/avr/include/util/delay.h **** 		{
 176:/usr/lib/avr/include/util/delay.h **** 			// wait 1/10 ms
 177:/usr/lib/avr/include/util/delay.h **** 			_delay_loop_2(((F_CPU) / 4e3) / 10);
 178:/usr/lib/avr/include/util/delay.h **** 			__ticks --;
 179:/usr/lib/avr/include/util/delay.h **** 		}
 180:/usr/lib/avr/include/util/delay.h **** 		return;
 181:/usr/lib/avr/include/util/delay.h **** 	}
 182:/usr/lib/avr/include/util/delay.h **** 	else
 183:/usr/lib/avr/include/util/delay.h **** 		__ticks = (uint16_t)__tmp;
 184:/usr/lib/avr/include/util/delay.h **** 	_delay_loop_2(__ticks);
 185:/usr/lib/avr/include/util/delay.h **** #endif
 186:/usr/lib/avr/include/util/delay.h **** }
 187:/usr/lib/avr/include/util/delay.h **** 
 188:/usr/lib/avr/include/util/delay.h **** /**
 189:/usr/lib/avr/include/util/delay.h ****    \ingroup util_delay
 190:/usr/lib/avr/include/util/delay.h **** 
 191:/usr/lib/avr/include/util/delay.h ****    Perform a delay of \c __us microseconds, using _delay_loop_1().
 192:/usr/lib/avr/include/util/delay.h **** 
 193:/usr/lib/avr/include/util/delay.h ****    The macro F_CPU is supposed to be defined to a
 194:/usr/lib/avr/include/util/delay.h ****    constant defining the CPU clock frequency (in Hertz).
 195:/usr/lib/avr/include/util/delay.h **** 
 196:/usr/lib/avr/include/util/delay.h ****    The maximal possible delay is 768 us / F_CPU in MHz.
 197:/usr/lib/avr/include/util/delay.h **** 
 198:/usr/lib/avr/include/util/delay.h ****    If the user requests a delay greater than the maximal possible one,
 199:/usr/lib/avr/include/util/delay.h ****    _delay_us() will automatically call _delay_ms() instead.  The user
 200:/usr/lib/avr/include/util/delay.h ****    will not be informed about this case.
 201:/usr/lib/avr/include/util/delay.h **** 
 202:/usr/lib/avr/include/util/delay.h ****    If the avr-gcc toolchain has __builtin_avr_delay_cycles(unsigned long)
 203:/usr/lib/avr/include/util/delay.h ****    support, maximal possible delay is 4294967.295 us/ F_CPU in MHz. For
 204:/usr/lib/avr/include/util/delay.h ****    values greater than the maximal possible delay, overflow results in
 205:/usr/lib/avr/include/util/delay.h ****    no delay i.e., 0us.
 206:/usr/lib/avr/include/util/delay.h ****   
 207:/usr/lib/avr/include/util/delay.h ****    Conversion of __us into clock cycles may not always result in integer.
 208:/usr/lib/avr/include/util/delay.h ****    By default, the clock cycles rounded up to next integer. This ensures that
 209:/usr/lib/avr/include/util/delay.h ****    the user gets atleast __us microseconds of delay.
 210:/usr/lib/avr/include/util/delay.h **** 
 211:/usr/lib/avr/include/util/delay.h ****    Alternatively, user can define __DELAY_ROUND_DOWN__ and __DELAY_ROUND_CLOSEST__
 212:/usr/lib/avr/include/util/delay.h ****    to round down and round to closest integer.
 213:/usr/lib/avr/include/util/delay.h ****  
 214:/usr/lib/avr/include/util/delay.h ****    Note: The new implementation of _delay_us(double __us) with 
 215:/usr/lib/avr/include/util/delay.h ****     __builtin_avr_delay_cycles(unsigned long) support is not backward compatible.
 216:/usr/lib/avr/include/util/delay.h ****    User can define __DELAY_BACKWARD_COMPATIBLE__ to get a backward compatible delay.
 217:/usr/lib/avr/include/util/delay.h ****    Also, the backward compatible
 218:/usr/lib/avr/include/util/delay.h ****    algorithm will be chosen if the code is compiled in a <em>freestanding
 219:/usr/lib/avr/include/util/delay.h ****    environment</em> (GCC option \c -ffreestanding), as the math functions
 220:/usr/lib/avr/include/util/delay.h ****    required for rounding are not available to the compiler then.
 221:/usr/lib/avr/include/util/delay.h **** 
 222:/usr/lib/avr/include/util/delay.h ****  */
 223:/usr/lib/avr/include/util/delay.h **** void
 224:/usr/lib/avr/include/util/delay.h **** _delay_us(double __us)
 225:/usr/lib/avr/include/util/delay.h **** {
 226:/usr/lib/avr/include/util/delay.h **** 	double __tmp ; 
 227:/usr/lib/avr/include/util/delay.h **** #if __HAS_DELAY_CYCLES && defined(__OPTIMIZE__) && \
 228:/usr/lib/avr/include/util/delay.h ****   !defined(__DELAY_BACKWARD_COMPATIBLE__) &&	   \
 229:/usr/lib/avr/include/util/delay.h ****   __STDC_HOSTED__
 230:/usr/lib/avr/include/util/delay.h **** 	uint32_t __ticks_dc;
 231:/usr/lib/avr/include/util/delay.h **** 	extern void __builtin_avr_delay_cycles(unsigned long);
 232:/usr/lib/avr/include/util/delay.h **** 	__tmp = ((F_CPU) / 1e6) * __us;
 233:/usr/lib/avr/include/util/delay.h **** 
 234:/usr/lib/avr/include/util/delay.h **** 	#if defined(__DELAY_ROUND_DOWN__)
 235:/usr/lib/avr/include/util/delay.h **** 		__ticks_dc = (uint32_t)fabs(__tmp);
 236:/usr/lib/avr/include/util/delay.h **** 
 237:/usr/lib/avr/include/util/delay.h **** 	#elif defined(__DELAY_ROUND_CLOSEST__)
 238:/usr/lib/avr/include/util/delay.h **** 		__ticks_dc = (uint32_t)(fabs(__tmp)+0.5);
 239:/usr/lib/avr/include/util/delay.h **** 
 240:/usr/lib/avr/include/util/delay.h **** 	#else
 241:/usr/lib/avr/include/util/delay.h **** 		//round up by default
 242:/usr/lib/avr/include/util/delay.h **** 		__ticks_dc = (uint32_t)(ceil(fabs(__tmp)));
 243:/usr/lib/avr/include/util/delay.h **** 	#endif
 244:/usr/lib/avr/include/util/delay.h **** 
 245:/usr/lib/avr/include/util/delay.h **** 	__builtin_avr_delay_cycles(__ticks_dc);
 109               		.loc 2 245 0
 110 0044 80E1      		ldi r24,lo8(16)
 111 0046 8A95      	1:	dec r24
 112 0048 01F4      		brne 1b
 113 004a 00C0      		rjmp .
 114               	/* epilogue start */
 115               	.LBE21:
 116               	.LBE20:
  54:src/HD44780.c **** _delay_us(50);
  55:src/HD44780.c **** }
 117               		.loc 1 55 0
 118 004c CF91      		pop r28
 119               	.LVL8:
 120 004e 0895      		ret
 121               		.cfi_endproc
 122               	.LFE7:
 124               	.global	LCD_WriteCommand
 126               	LCD_WriteCommand:
 127               	.LFB8:
  56:src/HD44780.c **** //-------------------------------------------------------------------------------------------------
  57:src/HD44780.c **** //
  58:src/HD44780.c **** // Funkcja zapisu rozkazu do wyœwietlacza
  59:src/HD44780.c **** //
  60:src/HD44780.c **** //-------------------------------------------------------------------------------------------------
  61:src/HD44780.c **** void LCD_WriteCommand(unsigned char commandToWrite)
  62:src/HD44780.c **** {
 128               		.loc 1 62 0
 129               		.cfi_startproc
 130               	.LVL9:
 131               	/* prologue: function */
 132               	/* frame size = 0 */
 133               	/* stack size = 0 */
 134               	.L__stack_usage = 0
  63:src/HD44780.c **** LCD_RS_PORT &= ~LCD_RS;
 135               		.loc 1 63 0
 136 0050 A898      		cbi 0x15,0
  64:src/HD44780.c **** _LCD_Write(commandToWrite);
 137               		.loc 1 64 0
 138 0052 0C94 0000 		jmp _LCD_Write
 139               	.LVL10:
 140               		.cfi_endproc
 141               	.LFE8:
 143               	.global	LCD_WriteData
 145               	LCD_WriteData:
 146               	.LFB9:
  65:src/HD44780.c **** }
  66:src/HD44780.c **** //-------------------------------------------------------------------------------------------------
  67:src/HD44780.c **** //
  68:src/HD44780.c **** // Funkcja zapisu danych do pamiêci wyœwietlacza
  69:src/HD44780.c **** //
  70:src/HD44780.c **** //-------------------------------------------------------------------------------------------------
  71:src/HD44780.c **** void LCD_WriteData(unsigned char dataToWrite)
  72:src/HD44780.c **** {
 147               		.loc 1 72 0
 148               		.cfi_startproc
 149               	.LVL11:
 150               	/* prologue: function */
 151               	/* frame size = 0 */
 152               	/* stack size = 0 */
 153               	.L__stack_usage = 0
  73:src/HD44780.c **** LCD_RS_PORT |= LCD_RS;
 154               		.loc 1 73 0
 155 0056 A89A      		sbi 0x15,0
  74:src/HD44780.c **** _LCD_Write(dataToWrite);
 156               		.loc 1 74 0
 157 0058 0C94 0000 		jmp _LCD_Write
 158               	.LVL12:
 159               		.cfi_endproc
 160               	.LFE9:
 162               	.global	LCD_WriteText
 164               	LCD_WriteText:
 165               	.LFB10:
  75:src/HD44780.c **** }
  76:src/HD44780.c **** //-------------------------------------------------------------------------------------------------
  77:src/HD44780.c **** //
  78:src/HD44780.c **** // Funkcja wyœwietlenia napisu na wyswietlaczu.
  79:src/HD44780.c **** //
  80:src/HD44780.c **** //-------------------------------------------------------------------------------------------------
  81:src/HD44780.c **** void LCD_WriteText(char * text)
  82:src/HD44780.c **** {
 166               		.loc 1 82 0
 167               		.cfi_startproc
 168               	.LVL13:
 169 005c CF93      		push r28
 170               	.LCFI1:
 171               		.cfi_def_cfa_offset 3
 172               		.cfi_offset 28, -2
 173 005e DF93      		push r29
 174               	.LCFI2:
 175               		.cfi_def_cfa_offset 4
 176               		.cfi_offset 29, -3
 177               	/* prologue: function */
 178               	/* frame size = 0 */
 179               	/* stack size = 2 */
 180               	.L__stack_usage = 2
 181 0060 EC01      		movw r28,r24
 182               	.LVL14:
 183               	.L15:
  83:src/HD44780.c **** while(*text)
 184               		.loc 1 83 0
 185 0062 8991      		ld r24,Y+
 186               	.LVL15:
 187 0064 8823      		tst r24
 188 0066 01F0      		breq .L17
 189               	.LVL16:
  84:src/HD44780.c ****   LCD_WriteData(*text++);
 190               		.loc 1 84 0
 191 0068 0E94 0000 		call LCD_WriteData
 192               	.LVL17:
 193 006c 00C0      		rjmp .L15
 194               	.LVL18:
 195               	.L17:
 196               	/* epilogue start */
  85:src/HD44780.c **** }
 197               		.loc 1 85 0
 198 006e DF91      		pop r29
 199 0070 CF91      		pop r28
 200               	.LVL19:
 201 0072 0895      		ret
 202               		.cfi_endproc
 203               	.LFE10:
 205               	.global	LCD_GoTo
 207               	LCD_GoTo:
 208               	.LFB11:
  86:src/HD44780.c **** //-------------------------------------------------------------------------------------------------
  87:src/HD44780.c **** //
  88:src/HD44780.c **** // Funkcja ustawienia wspó³rzêdnych ekranowych
  89:src/HD44780.c **** //
  90:src/HD44780.c **** //-------------------------------------------------------------------------------------------------
  91:src/HD44780.c **** void LCD_GoTo(unsigned char x, unsigned char y)
  92:src/HD44780.c **** {
 209               		.loc 1 92 0
 210               		.cfi_startproc
 211               	.LVL20:
 212               	/* prologue: function */
 213               	/* frame size = 0 */
 214               	/* stack size = 0 */
 215               	.L__stack_usage = 0
  93:src/HD44780.c **** LCD_WriteCommand(HD44780_DDRAM_SET | (x + (0x40 * y)));
 216               		.loc 1 93 0
 217 0074 90E4      		ldi r25,lo8(64)
 218 0076 699F      		mul r22,r25
 219 0078 800D      		add r24,r0
 220 007a 1124      		clr __zero_reg__
 221               	.LVL21:
 222 007c 8068      		ori r24,lo8(-128)
 223 007e 0C94 0000 		jmp LCD_WriteCommand
 224               	.LVL22:
 225               		.cfi_endproc
 226               	.LFE11:
 228               	.global	LCD_Clear
 230               	LCD_Clear:
 231               	.LFB12:
  94:src/HD44780.c **** }
  95:src/HD44780.c **** //-------------------------------------------------------------------------------------------------
  96:src/HD44780.c **** //
  97:src/HD44780.c **** // Funkcja czyszczenia ekranu wyœwietlacza.
  98:src/HD44780.c **** //
  99:src/HD44780.c **** //-------------------------------------------------------------------------------------------------
 100:src/HD44780.c **** void LCD_Clear(void)
 101:src/HD44780.c **** {
 232               		.loc 1 101 0
 233               		.cfi_startproc
 234               	/* prologue: function */
 235               	/* frame size = 0 */
 236               	/* stack size = 0 */
 237               	.L__stack_usage = 0
 102:src/HD44780.c **** LCD_WriteCommand(HD44780_CLEAR);
 238               		.loc 1 102 0
 239 0082 81E0      		ldi r24,lo8(1)
 240 0084 0E94 0000 		call LCD_WriteCommand
 241               	.LVL23:
 242               	.LBB22:
 243               	.LBB23:
 163:/usr/lib/avr/include/util/delay.h **** 
 244               		.loc 2 163 0
 245 0088 83EF      		ldi r24,lo8(499)
 246 008a 91E0      		ldi r25,hi8(499)
 247 008c 0197      	1:	sbiw r24,1
 248 008e 01F4      		brne 1b
 249 0090 00C0      		rjmp .
 250 0092 0000      		nop
 251 0094 0895      		ret
 252               	.LBE23:
 253               	.LBE22:
 254               		.cfi_endproc
 255               	.LFE12:
 257               	.global	LCD_Home
 259               	LCD_Home:
 260               	.LFB13:
 103:src/HD44780.c **** _delay_ms(2);
 104:src/HD44780.c **** }
 105:src/HD44780.c **** //-------------------------------------------------------------------------------------------------
 106:src/HD44780.c **** //
 107:src/HD44780.c **** // Funkcja przywrócenia pocz¹tkowych wspó³rzêdnych wyœwietlacza.
 108:src/HD44780.c **** //
 109:src/HD44780.c **** //-------------------------------------------------------------------------------------------------
 110:src/HD44780.c **** void LCD_Home(void)
 111:src/HD44780.c **** {
 261               		.loc 1 111 0
 262               		.cfi_startproc
 263               	/* prologue: function */
 264               	/* frame size = 0 */
 265               	/* stack size = 0 */
 266               	.L__stack_usage = 0
 112:src/HD44780.c **** LCD_WriteCommand(HD44780_HOME);
 267               		.loc 1 112 0
 268 0096 82E0      		ldi r24,lo8(2)
 269 0098 0E94 0000 		call LCD_WriteCommand
 270               	.LVL24:
 271               	.LBB24:
 272               	.LBB25:
 163:/usr/lib/avr/include/util/delay.h **** 
 273               		.loc 2 163 0
 274 009c 83EF      		ldi r24,lo8(499)
 275 009e 91E0      		ldi r25,hi8(499)
 276 00a0 0197      	1:	sbiw r24,1
 277 00a2 01F4      		brne 1b
 278 00a4 00C0      		rjmp .
 279 00a6 0000      		nop
 280 00a8 0895      		ret
 281               	.LBE25:
 282               	.LBE24:
 283               		.cfi_endproc
 284               	.LFE13:
 286               	.global	LCD_Initalize
 288               	LCD_Initalize:
 289               	.LFB14:
 113:src/HD44780.c **** _delay_ms(2);
 114:src/HD44780.c **** }
 115:src/HD44780.c **** //-------------------------------------------------------------------------------------------------
 116:src/HD44780.c **** //
 117:src/HD44780.c **** // Procedura inicjalizacji kontrolera HD44780.
 118:src/HD44780.c **** //
 119:src/HD44780.c **** //-------------------------------------------------------------------------------------------------
 120:src/HD44780.c **** void LCD_Initalize(void)
 121:src/HD44780.c **** {
 290               		.loc 1 121 0
 291               		.cfi_startproc
 292 00aa CF93      		push r28
 293               	.LCFI3:
 294               		.cfi_def_cfa_offset 3
 295               		.cfi_offset 28, -2
 296               	/* prologue: function */
 297               	/* frame size = 0 */
 298               	/* stack size = 1 */
 299               	.L__stack_usage = 1
 122:src/HD44780.c **** unsigned char i;
 123:src/HD44780.c **** LCD_DB4_DIR |= LCD_DB4; // Konfiguracja kierunku pracy wyprowadzeñ
 300               		.loc 1 123 0
 301 00ac 8E9A      		sbi 0x11,6
 124:src/HD44780.c **** LCD_DB5_DIR |= LCD_DB5; //
 302               		.loc 1 124 0
 303 00ae 8D9A      		sbi 0x11,5
 125:src/HD44780.c **** LCD_DB6_DIR |= LCD_DB6; //
 304               		.loc 1 125 0
 305 00b0 8C9A      		sbi 0x11,4
 126:src/HD44780.c **** LCD_DB7_DIR |= LCD_DB7; //
 306               		.loc 1 126 0
 307 00b2 8B9A      		sbi 0x11,3
 127:src/HD44780.c **** LCD_E_DIR 	|= LCD_E;   //
 308               		.loc 1 127 0
 309 00b4 8F9A      		sbi 0x11,7
 128:src/HD44780.c **** LCD_RS_DIR 	|= LCD_RS;  //
 310               		.loc 1 128 0
 311 00b6 A09A      		sbi 0x14,0
 312               	.LVL25:
 313               	.LBB26:
 314               	.LBB27:
 163:/usr/lib/avr/include/util/delay.h **** 
 315               		.loc 2 163 0
 316 00b8 85EA      		ldi r24,lo8(3749)
 317 00ba 9EE0      		ldi r25,hi8(3749)
 318 00bc 0197      	1:	sbiw r24,1
 319 00be 01F4      		brne 1b
 320 00c0 00C0      		rjmp .
 321 00c2 0000      		nop
 322               	.LBE27:
 323               	.LBE26:
 129:src/HD44780.c **** _delay_ms(15); // oczekiwanie na ustalibizowanie siê napiecia zasilajacego
 130:src/HD44780.c **** LCD_RS_PORT &= ~LCD_RS; // wyzerowanie linii RS
 324               		.loc 1 130 0
 325 00c4 A898      		cbi 0x15,0
 131:src/HD44780.c **** LCD_E_PORT &= ~LCD_E;  // wyzerowanie linii E
 326               		.loc 1 131 0
 327 00c6 9798      		cbi 0x12,7
 328               	.LVL26:
 329 00c8 C3E0      		ldi r28,lo8(3)
 330               	.LVL27:
 331               	.L22:
 132:src/HD44780.c **** 
 133:src/HD44780.c **** for(i = 0; i < 3; i++) // trzykrotne powtórzenie bloku instrukcji
 134:src/HD44780.c ****   {
 135:src/HD44780.c ****   LCD_E_PORT |= LCD_E; //  E = 1
 332               		.loc 1 135 0 discriminator 3
 333 00ca 979A      		sbi 0x12,7
 136:src/HD44780.c ****   _LCD_OutNibble(0x03); // tryb 8-bitowy
 334               		.loc 1 136 0 discriminator 3
 335 00cc 83E0      		ldi r24,lo8(3)
 336 00ce 0E94 0000 		call _LCD_OutNibble
 337               	.LVL28:
 137:src/HD44780.c ****   LCD_E_PORT &= ~LCD_E; // E = 0
 338               		.loc 1 137 0 discriminator 3
 339 00d2 9798      		cbi 0x12,7
 340               	.LVL29:
 341               	.LBB28:
 342               	.LBB29:
 163:/usr/lib/avr/include/util/delay.h **** 
 343               		.loc 2 163 0 discriminator 3
 344 00d4 81EE      		ldi r24,lo8(1249)
 345 00d6 94E0      		ldi r25,hi8(1249)
 346 00d8 0197      	1:	sbiw r24,1
 347 00da 01F4      		brne 1b
 348 00dc 00C0      		rjmp .
 349 00de 0000      		nop
 350               	.LVL30:
 351 00e0 C150      		subi r28,lo8(-(-1))
 352               	.LVL31:
 353               	.LBE29:
 354               	.LBE28:
 133:src/HD44780.c ****   {
 355               		.loc 1 133 0 discriminator 3
 356 00e2 01F4      		brne .L22
 138:src/HD44780.c ****   _delay_ms(5); // czekaj 5ms
 139:src/HD44780.c ****   }
 140:src/HD44780.c **** 
 141:src/HD44780.c **** LCD_E_PORT |= LCD_E; // E = 1
 357               		.loc 1 141 0
 358 00e4 979A      		sbi 0x12,7
 142:src/HD44780.c **** _LCD_OutNibble(0x02); // tryb 4-bitowy
 359               		.loc 1 142 0
 360 00e6 82E0      		ldi r24,lo8(2)
 361 00e8 0E94 0000 		call _LCD_OutNibble
 362               	.LVL32:
 143:src/HD44780.c **** LCD_E_PORT &= ~LCD_E; // E = 0
 363               		.loc 1 143 0
 364 00ec 9798      		cbi 0x12,7
 365               	.LVL33:
 366               	.LBB30:
 367               	.LBB31:
 163:/usr/lib/avr/include/util/delay.h **** 
 368               		.loc 2 163 0
 369 00ee 89EF      		ldi r24,lo8(249)
 370 00f0 90E0      		ldi r25,hi8(249)
 371 00f2 0197      	1:	sbiw r24,1
 372 00f4 01F4      		brne 1b
 373 00f6 00C0      		rjmp .
 374 00f8 0000      		nop
 375               	.LBE31:
 376               	.LBE30:
 144:src/HD44780.c **** 
 145:src/HD44780.c **** _delay_ms(1); // czekaj 1ms 
 146:src/HD44780.c **** LCD_WriteCommand(HD44780_FUNCTION_SET | HD44780_FONT5x7 | HD44780_TWO_LINE | HD44780_4_BIT); // int
 377               		.loc 1 146 0
 378 00fa 88E2      		ldi r24,lo8(40)
 379 00fc 0E94 0000 		call LCD_WriteCommand
 380               	.LVL34:
 147:src/HD44780.c **** LCD_WriteCommand(HD44780_DISPLAY_ONOFF | HD44780_DISPLAY_OFF); // wy³¹czenie wyswietlacza
 381               		.loc 1 147 0
 382 0100 88E0      		ldi r24,lo8(8)
 383 0102 0E94 0000 		call LCD_WriteCommand
 384               	.LVL35:
 148:src/HD44780.c **** LCD_WriteCommand(HD44780_CLEAR); // czyszczenie zawartosæi pamieci DDRAM
 385               		.loc 1 148 0
 386 0106 81E0      		ldi r24,lo8(1)
 387 0108 0E94 0000 		call LCD_WriteCommand
 388               	.LVL36:
 389               	.LBB32:
 390               	.LBB33:
 163:/usr/lib/avr/include/util/delay.h **** 
 391               		.loc 2 163 0
 392 010c 83EF      		ldi r24,lo8(499)
 393 010e 91E0      		ldi r25,hi8(499)
 394 0110 0197      	1:	sbiw r24,1
 395 0112 01F4      		brne 1b
 396 0114 00C0      		rjmp .
 397 0116 0000      		nop
 398               	.LBE33:
 399               	.LBE32:
 149:src/HD44780.c **** _delay_ms(2);
 150:src/HD44780.c **** LCD_WriteCommand(HD44780_ENTRY_MODE | HD44780_EM_SHIFT_CURSOR | HD44780_EM_INCREMENT);// inkrementa
 400               		.loc 1 150 0
 401 0118 86E0      		ldi r24,lo8(6)
 402 011a 0E94 0000 		call LCD_WriteCommand
 403               	.LVL37:
 151:src/HD44780.c **** LCD_WriteCommand(HD44780_DISPLAY_ONOFF | HD44780_DISPLAY_ON | HD44780_CURSOR_OFF | HD44780_CURSOR_N
 404               		.loc 1 151 0
 405 011e 8CE0      		ldi r24,lo8(12)
 406               	/* epilogue start */
 152:src/HD44780.c **** }
 407               		.loc 1 152 0
 408 0120 CF91      		pop r28
 409               	.LVL38:
 151:src/HD44780.c **** LCD_WriteCommand(HD44780_DISPLAY_ONOFF | HD44780_DISPLAY_ON | HD44780_CURSOR_OFF | HD44780_CURSOR_N
 410               		.loc 1 151 0
 411 0122 0C94 0000 		jmp LCD_WriteCommand
 412               	.LVL39:
 413               		.cfi_endproc
 414               	.LFE14:
 416               	.Letext0:
 417               		.file 3 "/usr/lib/avr/include/stdint.h"
DEFINED SYMBOLS
                            *ABS*:0000000000000000 HD44780.c
     /tmp/ccfnArdx.s:2      *ABS*:000000000000003e __SP_H__
     /tmp/ccfnArdx.s:3      *ABS*:000000000000003d __SP_L__
     /tmp/ccfnArdx.s:4      *ABS*:000000000000003f __SREG__
     /tmp/ccfnArdx.s:5      *ABS*:0000000000000000 __tmp_reg__
     /tmp/ccfnArdx.s:6      *ABS*:0000000000000001 __zero_reg__
     /tmp/ccfnArdx.s:12     .text:0000000000000000 _LCD_OutNibble
     /tmp/ccfnArdx.s:73     .text:000000000000002a _LCD_Write
     /tmp/ccfnArdx.s:126    .text:0000000000000050 LCD_WriteCommand
     /tmp/ccfnArdx.s:145    .text:0000000000000056 LCD_WriteData
     /tmp/ccfnArdx.s:164    .text:000000000000005c LCD_WriteText
     /tmp/ccfnArdx.s:207    .text:0000000000000074 LCD_GoTo
     /tmp/ccfnArdx.s:230    .text:0000000000000082 LCD_Clear
     /tmp/ccfnArdx.s:259    .text:0000000000000096 LCD_Home
     /tmp/ccfnArdx.s:288    .text:00000000000000aa LCD_Initalize

NO UNDEFINED SYMBOLS
